<testsuites id="" name="" tests="29" failures="9" skipped="7" errors="0" time="176.34427100000002">
<testsuite name="api\auth\account_flow.api.spec.ts" timestamp="2026-03-18T11:33:46.231Z" hostname="api" tests="5" failures="0" skipped="0" time="3.155" errors="0">
<testcase name="API Account Management Flow › [API-1] POST /createAccount - Create user account @smoke @critical" classname="api\auth\account_flow.api.spec.ts" time="1.325">
<properties>
<property name="Test Data" value="Email: qa_20260318T113348629Z_651@example.com | Password: Test1234">
</property>
</properties>
<system-out>
<![CDATA[Run context: [API-1] POST /createAccount - Create user account @smoke @critical | User: qa_20260318T113348629Z_651@example.com

[[ATTACHMENT|test-results\api-auth-account_flow.api--e6b33-user-account-smoke-critical-api\trace.zip]]
]]>
</system-out>
</testcase>
<testcase name="API Account Management Flow › [API-6] GET /getUserDetailByEmail - Get user account detail @high " classname="api\auth\account_flow.api.spec.ts" time="0.769">
<properties>
<property name="Test Data" value="Email: qa_20260318T113348629Z_651@example.com | Password: Test1234">
</property>
</properties>
<system-out>
<![CDATA[Run context: [API-6] GET /getUserDetailByEmail - Get user account detail @high  | User: qa_20260318T113348629Z_651@example.com

[[ATTACHMENT|test-results\api-auth-account_flow.api--e0919-t-user-account-detail-high--api\trace.zip]]
]]>
</system-out>
</testcase>
<testcase name="API Account Management Flow › [API-3] POST /verifyLogin - Verify login with valid details @critical " classname="api\auth\account_flow.api.spec.ts" time="0.408">
<properties>
<property name="Test Data" value="Email: qa_20260318T113348629Z_651@example.com | Password: Test1234">
</property>
</properties>
<system-out>
<![CDATA[Run context: [API-3] POST /verifyLogin - Verify login with valid details @critical  | User: qa_20260318T113348629Z_651@example.com

[[ATTACHMENT|test-results\api-auth-account_flow.api--ad45c-ith-valid-details-critical--api\trace.zip]]
]]>
</system-out>
</testcase>
<testcase name="API Account Management Flow › [API-7] POST /verifyLogin - Login with invalid details @medium " classname="api\auth\account_flow.api.spec.ts" time="0.367">
<properties>
<property name="Test Data" value="Email: qa_20260318T113348629Z_651@example.com | Password: Test1234">
</property>
</properties>
<system-out>
<![CDATA[Run context: [API-7] POST /verifyLogin - Login with invalid details @medium  | User: qa_20260318T113348629Z_651@example.com

[[ATTACHMENT|test-results\api-auth-account_flow.api--93329-ith-invalid-details-medium--api\trace.zip]]
]]>
</system-out>
</testcase>
<testcase name="API Account Management Flow › [API-2] DELETE /deleteAccount - Delete user account @smoke @critical" classname="api\auth\account_flow.api.spec.ts" time="0.286">
<properties>
<property name="Test Data" value="Email: qa_20260318T113348629Z_651@example.com | Password: Test1234">
</property>
</properties>
<system-out>
<![CDATA[Run context: [API-2] DELETE /deleteAccount - Delete user account @smoke @critical | User: qa_20260318T113348629Z_651@example.com

[[ATTACHMENT|test-results\api-auth-account_flow.api--ffa66-user-account-smoke-critical-api\trace.zip]]
]]>
</system-out>
</testcase>
</testsuite>
<testsuite name="monitoring\monitoring.spec.ts" timestamp="2026-03-18T11:33:46.231Z" hostname="monitoring" tests="1" failures="0" skipped="0" time="13.834" errors="0">
<testcase name="M-1 Network Performance Insight with Throttling" classname="monitoring\monitoring.spec.ts" time="13.834">
<properties>
<property name="Test Data" value="Network Throttling: Slow 3G | Metrics: {&quot;dns&quot;:3.0999999046325684,&quot;tcp&quot;:145.40000009536743,&quot;ssl&quot;:75.70000004768372,&quot;ttfb&quot;:689.3999999761581,&quot;total&quot;:0}">
</property>
</properties>
<system-out>
<![CDATA[--- Performance Metrics (UNDER THROTTLING) ---
┌─────────┬────────────────────┐
│ (index) │ Values             │
├─────────┼────────────────────┤
│ dns     │ [33m3.0999999046325684[39m │
│ tcp     │ [33m145.40000009536743[39m │
│ ssl     │ [33m75.70000004768372[39m  │
│ ttfb    │ [33m689.3999999761581[39m  │
│ total   │ [33m0[39m                  │
└─────────┴────────────────────┘
Resource: https://pagead2.googlesyndication.com/getconfig/ab...
  TTFB: 302.62ms

[[ATTACHMENT|test-results\monitoring-monitoring-M-1--dbae8-nce-Insight-with-Throttling-monitoring\video.webm]]

[[ATTACHMENT|test-results\monitoring-monitoring-M-1--dbae8-nce-Insight-with-Throttling-monitoring\trace.zip]]
]]>
</system-out>
</testcase>
</testsuite>
<testsuite name="e2e\Account_create.spec.ts" timestamp="2026-03-18T11:33:46.231Z" hostname="chromium" tests="1" failures="1" skipped="0" time="26.257" errors="0">
<testcase name="E2E-1: Register User @critical @stable" classname="e2e\Account_create.spec.ts" time="26.257">
<properties>
<property name="Test Data" value="Name: user9719 | Email: qa_20260318T113349825Z_626@example.com | Password: Test1234">
</property>
</properties>
<failure message="Account_create.spec.ts:7:5 E2E-1: Register User @critical @stable" type="FAILURE">
<![CDATA[  [chromium] › e2e\Account_create.spec.ts:7:5 › E2E-1: Register User @critical @stable › Sign up new user 

    Error: expect(locator).toBeHidden() failed

    Locator:  locator('button[data-qa="create-account"]')
    Expected: hidden
    Received: visible
    Timeout:  5000ms

    Call log:
      - Expect "toBeHidden" with timeout 5000ms
      - waiting for locator('button[data-qa="create-account"]')
        9 × locator resolved to <button type="submit" class="btn btn-default" data-qa="create-account">Create Account</button>
          - unexpected value "visible"


       at ..\pages\signupPage.ts:107

      105 |     await this.mobileNumberInput.fill(user.mobileNumber);
      106 |     await this.createAccountButton.click(); 
    > 107 |     await expect(this.createAccountButton).toBeHidden();  
          |                                            ^
      108 |
      109 |   }   
      110 |
        at SignupPage.fillForm (C:\study\pw-e2e-automationexercise\pages\signupPage.ts:107:44)
        at C:\study\pw-e2e-automationexercise\tests\e2e\Account_create.spec.ts:19:5
        at C:\study\pw-e2e-automationexercise\tests\e2e\Account_create.spec.ts:17:3

    attachment #1: screenshot (image/png) ──────────────────────────────────────────────────────────
    ..\test-results\e2e-Account_create-E2E-1-Register-User-critical-stable-chromium\test-failed-1.png
    ────────────────────────────────────────────────────────────────────────────────────────────────

    attachment #2: video (video/webm) ──────────────────────────────────────────────────────────────
    ..\test-results\e2e-Account_create-E2E-1-Register-User-critical-stable-chromium\video.webm
    ────────────────────────────────────────────────────────────────────────────────────────────────

    Error Context: ..\test-results\e2e-Account_create-E2E-1-Register-User-critical-stable-chromium\error-context.md

    attachment #4: trace (application/zip) ─────────────────────────────────────────────────────────
    ..\test-results\e2e-Account_create-E2E-1-Register-User-critical-stable-chromium\trace.zip
    Usage:

        npx playwright show-trace ..\test-results\e2e-Account_create-E2E-1-Register-User-critical-stable-chromium\trace.zip

    ────────────────────────────────────────────────────────────────────────────────────────────────
]]>
</failure>
<system-out>
<![CDATA[
[[ATTACHMENT|test-results\e2e-Account_create-E2E-1-Register-User-critical-stable-chromium\test-failed-1.png]]

[[ATTACHMENT|test-results\e2e-Account_create-E2E-1-Register-User-critical-stable-chromium\video.webm]]

[[ATTACHMENT|test-results\e2e-Account_create-E2E-1-Register-User-critical-stable-chromium\error-context.md]]

[[ATTACHMENT|test-results\e2e-Account_create-E2E-1-Register-User-critical-stable-chromium\trace.zip]]
]]>
</system-out>
</testcase>
</testsuite>
<testsuite name="e2e\Account_login.spec.ts" timestamp="2026-03-18T11:33:46.231Z" hostname="chromium" tests="1" failures="0" skipped="0" time="13.135" errors="0">
<testcase name="Login tests › E2E-2: Login User with correct email and password (Hybrid) @smoke @critical" classname="e2e\Account_login.spec.ts" time="13.135">
<properties>
<property name="Test Data" value="Name: user5486 | Email: qa_20260318T113348643Z_31@example.com | Password: Test1234">
</property>
</properties>
<system-out>
<![CDATA[
[[ATTACHMENT|test-results\e2e-Account_login-Login-te-80a7d-sword-Hybrid-smoke-critical-chromium\test-finished-1.png]]

[[ATTACHMENT|test-results\e2e-Account_login-Login-te-80a7d-sword-Hybrid-smoke-critical-chromium\video.webm]]

[[ATTACHMENT|test-results\e2e-Account_login-Login-te-80a7d-sword-Hybrid-smoke-critical-chromium\trace.zip]]
]]>
</system-out>
</testcase>
</testsuite>
<testsuite name="e2e\Checkout.spec.ts" timestamp="2026-03-18T11:33:46.231Z" hostname="chromium" tests="4" failures="1" skipped="1" time="78.014" errors="0">
<testcase name="E2E-14: Place Order: Register while Checkout @critical" classname="e2e\Checkout.spec.ts" time="0">
<properties>
<property name="skip" value="">
</property>
</properties>
<skipped>
</skipped>
</testcase>
<testcase name="Place Order tests › E2E-15: Place Order: Register before Checkout @critical" classname="e2e\Checkout.spec.ts" time="29.088">
<properties>
<property name="Test Data" value="Name: user720 | Email: qa_20260318T113357544Z_416@example.com | Password: Test1234">
</property>
</properties>
<system-out>
<![CDATA[
[[ATTACHMENT|test-results\e2e-Checkout-Place-Order-t-0cf62-er-before-Checkout-critical-chromium\test-finished-1.png]]

[[ATTACHMENT|test-results\e2e-Checkout-Place-Order-t-0cf62-er-before-Checkout-critical-chromium\video.webm]]

[[ATTACHMENT|test-results\e2e-Checkout-Place-Order-t-0cf62-er-before-Checkout-critical-chromium\trace.zip]]
]]>
</system-out>
</testcase>
<testcase name="Place Order tests › E2E-16: Place Order: Login before Checkout @critical" classname="e2e\Checkout.spec.ts" time="40.467">
<properties>
<property name="Test Data" value="Name: user7333 | Email: qa_20260318T113413029Z_604@example.com | Password: Test1234">
</property>
</properties>
<failure message="Checkout.spec.ts:52:5 E2E-16: Place Order: Login before Checkout @critical" type="FAILURE">
<![CDATA[  [chromium] › e2e\Checkout.spec.ts:52:5 › Place Order tests › E2E-16: Place Order: Login before Checkout @critical 

    Test timeout of 30000ms exceeded.

    Error: expect(locator).toBeVisible() failed

    Locator: locator('tr#product-2')
    Expected: visible
    Timeout: 5000ms
    Error: element(s) not found

    Call log:
      - Expect "toBeVisible" with timeout 5000ms
      - waiting for locator('tr#product-2')


       at ..\pages\checkoutPage.ts:61

      59 |     for (const id of products) {
      60 |         const productRow = this.page.locator(`tr#product-${id}`);
    > 61 |         await expect(productRow).toBeVisible();
         |                                  ^
      62 |     }
      63 |   }
      64 |
        at CheckoutPage.verifyProductInCheckout (C:\study\pw-e2e-automationexercise\pages\checkoutPage.ts:61:34)
        at C:\study\pw-e2e-automationexercise\tests\e2e\Checkout.spec.ts:69:24

    attachment #1: screenshot (image/png) ──────────────────────────────────────────────────────────
    ..\test-results\e2e-Checkout-Place-Order-t-db6dd-in-before-Checkout-critical-chromium\test-failed-1.png
    ────────────────────────────────────────────────────────────────────────────────────────────────

    attachment #2: video (video/webm) ──────────────────────────────────────────────────────────────
    ..\test-results\e2e-Checkout-Place-Order-t-db6dd-in-before-Checkout-critical-chromium\video.webm
    ────────────────────────────────────────────────────────────────────────────────────────────────

    Error Context: ..\test-results\e2e-Checkout-Place-Order-t-db6dd-in-before-Checkout-critical-chromium\error-context.md

    attachment #4: trace (application/zip) ─────────────────────────────────────────────────────────
    ..\test-results\e2e-Checkout-Place-Order-t-db6dd-in-before-Checkout-critical-chromium\trace.zip
    Usage:

        npx playwright show-trace ..\test-results\e2e-Checkout-Place-Order-t-db6dd-in-before-Checkout-critical-chromium\trace.zip

    ────────────────────────────────────────────────────────────────────────────────────────────────
]]>
</failure>
<system-out>
<![CDATA[
[[ATTACHMENT|test-results\e2e-Checkout-Place-Order-t-db6dd-in-before-Checkout-critical-chromium\test-failed-1.png]]

[[ATTACHMENT|test-results\e2e-Checkout-Place-Order-t-db6dd-in-before-Checkout-critical-chromium\video.webm]]

[[ATTACHMENT|test-results\e2e-Checkout-Place-Order-t-db6dd-in-before-Checkout-critical-chromium\error-context.md]]

[[ATTACHMENT|test-results\e2e-Checkout-Place-Order-t-db6dd-in-before-Checkout-critical-chromium\trace.zip]]
]]>
</system-out>
</testcase>
<testcase name="BUG-4: Payment field is blocked by overlay on large screens" classname="e2e\Checkout.spec.ts" time="8.459">
<system-out>
<![CDATA[
[[ATTACHMENT|test-results\e2e-Checkout-BUG-4-Payment-4a809-by-overlay-on-large-screens-chromium\test-finished-1.png]]

[[ATTACHMENT|test-results\e2e-Checkout-BUG-4-Payment-4a809-by-overlay-on-large-screens-chromium\video.webm]]

[[ATTACHMENT|test-results\e2e-Checkout-BUG-4-Payment-4a809-by-overlay-on-large-screens-chromium\trace.zip]]
]]>
</system-out>
</testcase>
</testsuite>
<testsuite name="monitoring\Account_create_concurrency.spec.ts" timestamp="2026-03-18T11:33:46.231Z" hostname="chromium" tests="1" failures="1" skipped="0" time="35.461" errors="0">
<testcase name="C-1 Concurrency Trap: Catching the 200 OK bug" classname="monitoring\Account_create_concurrency.spec.ts" time="35.461">
<properties>
<property name="fail" value="BUG-###: Race condition returns 200 OK">
</property>
</properties>
<failure message="Account_create_concurrency.spec.ts:7:5 C-1 Concurrency Trap: Catching the 200 OK bug" type="FAILURE">
<![CDATA[  [chromium] › monitoring\Account_create_concurrency.spec.ts:7:5 › C-1 Concurrency Trap: Catching the 200 OK bug 

    Test timeout of 30000ms exceeded.

    Error: 5 users failed to register due to race condition.

      36 |     const failed = results.filter(r => r.status === 'rejected');
      37 |     if (failed.length > 0) {
    > 38 |         throw new Error(`${failed.length} users failed to register due to race condition.`);
         |               ^
      39 |     }
      40 | });
      41 |
        at C:\study\pw-e2e-automationexercise\tests\monitoring\Account_create_concurrency.spec.ts:38:15

    attachment #1: screenshot (image/png) ──────────────────────────────────────────────────────────
    ..\test-results\monitoring-Account_create_-22658-rap-Catching-the-200-OK-bug-chromium\test-failed-4.png
    ────────────────────────────────────────────────────────────────────────────────────────────────

    attachment #2: screenshot (image/png) ──────────────────────────────────────────────────────────
    ..\test-results\monitoring-Account_create_-22658-rap-Catching-the-200-OK-bug-chromium\test-failed-3.png
    ────────────────────────────────────────────────────────────────────────────────────────────────

    attachment #3: screenshot (image/png) ──────────────────────────────────────────────────────────
    ..\test-results\monitoring-Account_create_-22658-rap-Catching-the-200-OK-bug-chromium\test-failed-1.png
    ────────────────────────────────────────────────────────────────────────────────────────────────

    attachment #4: screenshot (image/png) ──────────────────────────────────────────────────────────
    ..\test-results\monitoring-Account_create_-22658-rap-Catching-the-200-OK-bug-chromium\test-failed-5.png
    ────────────────────────────────────────────────────────────────────────────────────────────────

    attachment #5: screenshot (image/png) ──────────────────────────────────────────────────────────
    ..\test-results\monitoring-Account_create_-22658-rap-Catching-the-200-OK-bug-chromium\test-failed-2.png
    ────────────────────────────────────────────────────────────────────────────────────────────────

    Error Context: ..\test-results\monitoring-Account_create_-22658-rap-Catching-the-200-OK-bug-chromium\error-context.md

    attachment #7: trace (application/zip) ─────────────────────────────────────────────────────────
    ..\test-results\monitoring-Account_create_-22658-rap-Catching-the-200-OK-bug-chromium\trace.zip
    Usage:

        npx playwright show-trace ..\test-results\monitoring-Account_create_-22658-rap-Catching-the-200-OK-bug-chromium\trace.zip

    ────────────────────────────────────────────────────────────────────────────────────────────────
]]>
</failure>
<system-out>
<![CDATA[
[[ATTACHMENT|test-results\monitoring-Account_create_-22658-rap-Catching-the-200-OK-bug-chromium\test-failed-4.png]]

[[ATTACHMENT|test-results\monitoring-Account_create_-22658-rap-Catching-the-200-OK-bug-chromium\test-failed-3.png]]

[[ATTACHMENT|test-results\monitoring-Account_create_-22658-rap-Catching-the-200-OK-bug-chromium\test-failed-1.png]]

[[ATTACHMENT|test-results\monitoring-Account_create_-22658-rap-Catching-the-200-OK-bug-chromium\test-failed-5.png]]

[[ATTACHMENT|test-results\monitoring-Account_create_-22658-rap-Catching-the-200-OK-bug-chromium\test-failed-2.png]]

[[ATTACHMENT|test-results\monitoring-Account_create_-22658-rap-Catching-the-200-OK-bug-chromium\error-context.md]]

[[ATTACHMENT|test-results\monitoring-Account_create_-22658-rap-Catching-the-200-OK-bug-chromium\trace.zip]]
]]>
</system-out>
</testcase>
</testsuite>
<testsuite name="e2e\Account_create.spec.ts" timestamp="2026-03-18T11:33:46.231Z" hostname="firefox" tests="1" failures="0" skipped="0" time="31.08" errors="0">
<testcase name="E2E-1: Register User @critical @stable" classname="e2e\Account_create.spec.ts" time="31.08">
<properties>
<property name="Test Data" value="Name: user2760 | Email: qa_20260318T113441798Z_147@example.com | Password: Test1234">
</property>
</properties>
<system-out>
<![CDATA[
[[ATTACHMENT|test-results\e2e-Account_create-E2E-1-Register-User-critical-stable-firefox\test-finished-1.png]]

[[ATTACHMENT|test-results\e2e-Account_create-E2E-1-Register-User-critical-stable-firefox\video.webm]]

[[ATTACHMENT|test-results\e2e-Account_create-E2E-1-Register-User-critical-stable-firefox\trace.zip]]
]]>
</system-out>
</testcase>
</testsuite>
<testsuite name="e2e\Account_login.spec.ts" timestamp="2026-03-18T11:33:46.231Z" hostname="firefox" tests="1" failures="1" skipped="0" time="40.119" errors="0">
<testcase name="Login tests › E2E-2: Login User with correct email and password (Hybrid) @smoke @critical" classname="e2e\Account_login.spec.ts" time="40.119">
<properties>
<property name="Test Data" value="Name: user3764 | Email: qa_20260318T113510348Z_389@example.com | Password: Test1234">
</property>
</properties>
<failure message="Account_login.spec.ts:20:7 E2E-2: Login User with correct email and password (Hybrid) @smoke @critical" type="FAILURE">
<![CDATA[  [firefox] › e2e\Account_login.spec.ts:20:7 › Login tests › E2E-2: Login User with correct email and password (Hybrid) @smoke @critical 

    Test timeout of 30000ms exceeded.

    Error: locator.waitFor: Target page, context or browser has been closed

       at ..\pages\loginPage.ts:31

      29 |
      30 |   async login(user: User) {
    > 31 |     await this.loginEmailInput.waitFor({ state: 'visible', timeout: 10000 });
         |                                ^
      32 |     await this.loginPasswordInput.waitFor({ state: 'visible', timeout: 10000 });
      33 |     await this.loginButton.waitFor({ state: 'visible', timeout: 10000 });
      34 |
        at LoginPage.login (C:\study\pw-e2e-automationexercise\pages\loginPage.ts:31:32)
        at C:\study\pw-e2e-automationexercise\tests\e2e\Account_login.spec.ts:23:21

    attachment #1: video (video/webm) ──────────────────────────────────────────────────────────────
    ..\test-results\e2e-Account_login-Login-te-80a7d-sword-Hybrid-smoke-critical-firefox\video.webm
    ────────────────────────────────────────────────────────────────────────────────────────────────

    Error Context: ..\test-results\e2e-Account_login-Login-te-80a7d-sword-Hybrid-smoke-critical-firefox\error-context.md

    attachment #3: trace (application/zip) ─────────────────────────────────────────────────────────
    ..\test-results\e2e-Account_login-Login-te-80a7d-sword-Hybrid-smoke-critical-firefox\trace.zip
    Usage:

        npx playwright show-trace ..\test-results\e2e-Account_login-Login-te-80a7d-sword-Hybrid-smoke-critical-firefox\trace.zip

    ────────────────────────────────────────────────────────────────────────────────────────────────
]]>
</failure>
<system-out>
<![CDATA[
[[ATTACHMENT|test-results\e2e-Account_login-Login-te-80a7d-sword-Hybrid-smoke-critical-firefox\video.webm]]

[[ATTACHMENT|test-results\e2e-Account_login-Login-te-80a7d-sword-Hybrid-smoke-critical-firefox\error-context.md]]

[[ATTACHMENT|test-results\e2e-Account_login-Login-te-80a7d-sword-Hybrid-smoke-critical-firefox\trace.zip]]
]]>
</system-out>
</testcase>
</testsuite>
<testsuite name="e2e\Checkout.spec.ts" timestamp="2026-03-18T11:33:46.231Z" hostname="firefox" tests="4" failures="2" skipped="1" time="87.486" errors="0">
<testcase name="E2E-14: Place Order: Register while Checkout @critical" classname="e2e\Checkout.spec.ts" time="0">
<properties>
<property name="skip" value="">
</property>
</properties>
<skipped>
</skipped>
</testcase>
<testcase name="Place Order tests › E2E-15: Place Order: Register before Checkout @critical" classname="e2e\Checkout.spec.ts" time="34.558">
<properties>
<property name="Test Data" value="Name: user1299 | Email: qa_20260318T113515014Z_297@example.com | Password: Test1234">
</property>
</properties>
<failure message="Checkout.spec.ts:31:5 E2E-15: Place Order: Register before Checkout @critical" type="FAILURE">
<![CDATA[  [firefox] › e2e\Checkout.spec.ts:31:5 › Place Order tests › E2E-15: Place Order: Register before Checkout @critical 

    Test timeout of 30000ms exceeded.

    Error: locator.click: Test timeout of 30000ms exceeded.
    Call log:
      - waiting for locator('.shop-menu').getByRole('link', { name: 'Cart' })


       at ..\pages\basePage.ts:53

      51 |         await this.handleCommonAds();
      52 |      }
    > 53 |     async goToCart() { await this.cartLink.click(); 
         |                                            ^
      54 |         await this.handleCommonAds();
      55 |     }
      56 |     async deleteAccount() {await this.deleteAccountLink.click();   
        at LoginPage.goToCart (C:\study\pw-e2e-automationexercise\pages\basePage.ts:53:44)
        at C:\study\pw-e2e-automationexercise\tests\e2e\Checkout.spec.ts:47:21

    attachment #1: screenshot (image/png) ──────────────────────────────────────────────────────────
    ..\test-results\e2e-Checkout-Place-Order-t-0cf62-er-before-Checkout-critical-firefox\test-failed-1.png
    ────────────────────────────────────────────────────────────────────────────────────────────────

    attachment #2: video (video/webm) ──────────────────────────────────────────────────────────────
    ..\test-results\e2e-Checkout-Place-Order-t-0cf62-er-before-Checkout-critical-firefox\video.webm
    ────────────────────────────────────────────────────────────────────────────────────────────────

    Error Context: ..\test-results\e2e-Checkout-Place-Order-t-0cf62-er-before-Checkout-critical-firefox\error-context.md

    attachment #4: trace (application/zip) ─────────────────────────────────────────────────────────
    ..\test-results\e2e-Checkout-Place-Order-t-0cf62-er-before-Checkout-critical-firefox\trace.zip
    Usage:

        npx playwright show-trace ..\test-results\e2e-Checkout-Place-Order-t-0cf62-er-before-Checkout-critical-firefox\trace.zip

    ────────────────────────────────────────────────────────────────────────────────────────────────
]]>
</failure>
<system-out>
<![CDATA[
[[ATTACHMENT|test-results\e2e-Checkout-Place-Order-t-0cf62-er-before-Checkout-critical-firefox\test-failed-1.png]]

[[ATTACHMENT|test-results\e2e-Checkout-Place-Order-t-0cf62-er-before-Checkout-critical-firefox\video.webm]]

[[ATTACHMENT|test-results\e2e-Checkout-Place-Order-t-0cf62-er-before-Checkout-critical-firefox\error-context.md]]

[[ATTACHMENT|test-results\e2e-Checkout-Place-Order-t-0cf62-er-before-Checkout-critical-firefox\trace.zip]]
]]>
</system-out>
</testcase>
<testcase name="Place Order tests › E2E-16: Place Order: Login before Checkout @critical" classname="e2e\Checkout.spec.ts" time="35.965">
<properties>
<property name="Test Data" value="Name: user2581 | Email: qa_20260318T113510690Z_323@example.com | Password: Test1234">
</property>
</properties>
<failure message="Checkout.spec.ts:52:5 E2E-16: Place Order: Login before Checkout @critical" type="FAILURE">
<![CDATA[  [firefox] › e2e\Checkout.spec.ts:52:5 › Place Order tests › E2E-16: Place Order: Login before Checkout @critical 

    Test timeout of 30000ms exceeded.

    Error: locator.click: Test timeout of 30000ms exceeded.
    Call log:
      - waiting for getByRole('button', { name: 'Continue Shopping' })


       at ..\pages\productsPage.ts:13

      11 |     await this.handleCommonAds(); // Handle any ads that may appear before interacting with the product
      12 |     await this.page.locator(`.productinfo a[data-product-id="${productId}"]`).click();
    > 13 |     await this.page.getByRole('button', { name: 'Continue Shopping' }).click();
         |                                                                        ^
      14 | }
      15 |
      16 |   async addMultipleProducts(ids: string[]) {
        at ProductsPage.addProductById (C:\study\pw-e2e-automationexercise\pages\productsPage.ts:13:72)
        at ProductsPage.addMultipleProducts (C:\study\pw-e2e-automationexercise\pages\productsPage.ts:18:9)
        at C:\study\pw-e2e-automationexercise\tests\e2e\Checkout.spec.ts:64:5

    attachment #1: screenshot (image/png) ──────────────────────────────────────────────────────────
    ..\test-results\e2e-Checkout-Place-Order-t-db6dd-in-before-Checkout-critical-firefox\test-failed-1.png
    ────────────────────────────────────────────────────────────────────────────────────────────────

    attachment #2: video (video/webm) ──────────────────────────────────────────────────────────────
    ..\test-results\e2e-Checkout-Place-Order-t-db6dd-in-before-Checkout-critical-firefox\video.webm
    ────────────────────────────────────────────────────────────────────────────────────────────────

    Error Context: ..\test-results\e2e-Checkout-Place-Order-t-db6dd-in-before-Checkout-critical-firefox\error-context.md

    attachment #4: trace (application/zip) ─────────────────────────────────────────────────────────
    ..\test-results\e2e-Checkout-Place-Order-t-db6dd-in-before-Checkout-critical-firefox\trace.zip
    Usage:

        npx playwright show-trace ..\test-results\e2e-Checkout-Place-Order-t-db6dd-in-before-Checkout-critical-firefox\trace.zip

    ────────────────────────────────────────────────────────────────────────────────────────────────
]]>
</failure>
<system-out>
<![CDATA[
[[ATTACHMENT|test-results\e2e-Checkout-Place-Order-t-db6dd-in-before-Checkout-critical-firefox\test-failed-1.png]]

[[ATTACHMENT|test-results\e2e-Checkout-Place-Order-t-db6dd-in-before-Checkout-critical-firefox\video.webm]]

[[ATTACHMENT|test-results\e2e-Checkout-Place-Order-t-db6dd-in-before-Checkout-critical-firefox\error-context.md]]

[[ATTACHMENT|test-results\e2e-Checkout-Place-Order-t-db6dd-in-before-Checkout-critical-firefox\trace.zip]]
]]>
</system-out>
</testcase>
<testcase name="BUG-4: Payment field is blocked by overlay on large screens" classname="e2e\Checkout.spec.ts" time="16.963">
<system-out>
<![CDATA[
[[ATTACHMENT|test-results\e2e-Checkout-BUG-4-Payment-4a809-by-overlay-on-large-screens-firefox\test-finished-1.png]]

[[ATTACHMENT|test-results\e2e-Checkout-BUG-4-Payment-4a809-by-overlay-on-large-screens-firefox\video.webm]]

[[ATTACHMENT|test-results\e2e-Checkout-BUG-4-Payment-4a809-by-overlay-on-large-screens-firefox\trace.zip]]
]]>
</system-out>
</testcase>
</testsuite>
<testsuite name="monitoring\Account_create_concurrency.spec.ts" timestamp="2026-03-18T11:33:46.231Z" hostname="firefox" tests="1" failures="0" skipped="1" time="0" errors="0">
<testcase name="C-1 Concurrency Trap: Catching the 200 OK bug" classname="monitoring\Account_create_concurrency.spec.ts" time="0">
<properties>
<property name="skip" value="This bug is Chromium-specific">
</property>
</properties>
<skipped>
</skipped>
</testcase>
</testsuite>
<testsuite name="monitoring\monitoring.spec.ts" timestamp="2026-03-18T11:33:46.231Z" hostname="firefox" tests="1" failures="0" skipped="1" time="0" errors="0">
<testcase name="M-1 Network Performance Insight with Throttling" classname="monitoring\monitoring.spec.ts" time="0">
<properties>
<property name="skip" value="CDP metrics only work in Chromium">
</property>
</properties>
<skipped>
</skipped>
</testcase>
</testsuite>
<testsuite name="e2e\Account_create.spec.ts" timestamp="2026-03-18T11:33:46.231Z" hostname="webkit" tests="1" failures="1" skipped="0" time="32.712" errors="0">
<testcase name="E2E-1: Register User @critical @stable" classname="e2e\Account_create.spec.ts" time="32.712">
<properties>
<property name="Test Data" value="Name: user6208 | Email: qa_20260318T113555253Z_95@example.com | Password: Test1234">
</property>
</properties>
<failure message="Account_create.spec.ts:7:5 E2E-1: Register User @critical @stable" type="FAILURE">
<![CDATA[  [webkit] › e2e\Account_create.spec.ts:7:5 › E2E-1: Register User @critical @stable › Sign up new user 

    Test timeout of 30000ms exceeded.

    Error: locator.fill: Test timeout of 30000ms exceeded.
    Call log:
      - waiting for locator('input[data-qa="last_name"]')
        - locator resolved to <input value="" type="text" required="" id="last_name" name="last_name" data-qa="last_name" class="form-control"/>
        - fill("Zemlak")
      - attempting fill action
        - waiting for element to be visible, enabled and editable


       at ..\pages\signupPage.ts:97

       95 |     }
       96 |     await this.firstNameInput.fill(user.firstName);
    >  97 |     await this.lastNameInput.fill(user.lastName);
          |                              ^
       98 |     await this.companyInput.fill(user.company);
       99 |     await this.address1Input.fill(user.address);
      100 |     // address2 is optional, so we can skip filling it
        at SignupPage.fillForm (C:\study\pw-e2e-automationexercise\pages\signupPage.ts:97:30)
        at C:\study\pw-e2e-automationexercise\tests\e2e\Account_create.spec.ts:19:5
        at C:\study\pw-e2e-automationexercise\tests\e2e\Account_create.spec.ts:17:3

    attachment #1: screenshot (image/png) ──────────────────────────────────────────────────────────
    ..\test-results\e2e-Account_create-E2E-1-Register-User-critical-stable-webkit\test-failed-1.png
    ────────────────────────────────────────────────────────────────────────────────────────────────

    attachment #2: video (video/webm) ──────────────────────────────────────────────────────────────
    ..\test-results\e2e-Account_create-E2E-1-Register-User-critical-stable-webkit\video.webm
    ────────────────────────────────────────────────────────────────────────────────────────────────

    Error Context: ..\test-results\e2e-Account_create-E2E-1-Register-User-critical-stable-webkit\error-context.md

    attachment #4: trace (application/zip) ─────────────────────────────────────────────────────────
    ..\test-results\e2e-Account_create-E2E-1-Register-User-critical-stable-webkit\trace.zip
    Usage:

        npx playwright show-trace ..\test-results\e2e-Account_create-E2E-1-Register-User-critical-stable-webkit\trace.zip

    ────────────────────────────────────────────────────────────────────────────────────────────────
]]>
</failure>
<system-out>
<![CDATA[
[[ATTACHMENT|test-results\e2e-Account_create-E2E-1-Register-User-critical-stable-webkit\test-failed-1.png]]

[[ATTACHMENT|test-results\e2e-Account_create-E2E-1-Register-User-critical-stable-webkit\video.webm]]

[[ATTACHMENT|test-results\e2e-Account_create-E2E-1-Register-User-critical-stable-webkit\error-context.md]]

[[ATTACHMENT|test-results\e2e-Account_create-E2E-1-Register-User-critical-stable-webkit\trace.zip]]
]]>
</system-out>
</testcase>
</testsuite>
<testsuite name="e2e\Account_login.spec.ts" timestamp="2026-03-18T11:33:46.231Z" hostname="webkit" tests="1" failures="0" skipped="0" time="27.928" errors="0">
<testcase name="Login tests › E2E-2: Login User with correct email and password (Hybrid) @smoke @critical" classname="e2e\Account_login.spec.ts" time="27.928">
<properties>
<property name="Test Data" value="Name: user239 | Email: qa_20260318T113556186Z_578@example.com | Password: Test1234">
</property>
</properties>
<system-out>
<![CDATA[
[[ATTACHMENT|test-results\e2e-Account_login-Login-te-80a7d-sword-Hybrid-smoke-critical-webkit\test-finished-1.png]]

[[ATTACHMENT|test-results\e2e-Account_login-Login-te-80a7d-sword-Hybrid-smoke-critical-webkit\video.webm]]

[[ATTACHMENT|test-results\e2e-Account_login-Login-te-80a7d-sword-Hybrid-smoke-critical-webkit\trace.zip]]
]]>
</system-out>
</testcase>
</testsuite>
<testsuite name="e2e\Checkout.spec.ts" timestamp="2026-03-18T11:33:46.231Z" hostname="webkit" tests="4" failures="2" skipped="1" time="78.741" errors="0">
<testcase name="E2E-14: Place Order: Register while Checkout @critical" classname="e2e\Checkout.spec.ts" time="0">
<properties>
<property name="skip" value="">
</property>
</properties>
<skipped>
</skipped>
</testcase>
<testcase name="Place Order tests › E2E-15: Place Order: Register before Checkout @critical" classname="e2e\Checkout.spec.ts" time="34.388">
<properties>
<property name="Test Data" value="Name: user3561 | Email: qa_20260318T113559872Z_109@example.com | Password: Test1234">
</property>
</properties>
<failure message="Checkout.spec.ts:31:5 E2E-15: Place Order: Register before Checkout @critical" type="FAILURE">
<![CDATA[  [webkit] › e2e\Checkout.spec.ts:31:5 › Place Order tests › E2E-15: Place Order: Register before Checkout @critical 

    Test timeout of 30000ms exceeded.

    Error: locator.click: Target page, context or browser has been closed

       at ..\pages\cartPage.ts:42

      40 |
      41 |   async proceedToCheckout() {
    > 42 |     await this.proceedToCheckoutButton.click();
         |                                        ^
      43 |   }
      44 |  
      45 |   async loginFromModal() {
        at CartPage.proceedToCheckout (C:\study\pw-e2e-automationexercise\pages\cartPage.ts:42:40)
        at C:\study\pw-e2e-automationexercise\tests\e2e\Checkout.spec.ts:43:20

    attachment #1: screenshot (image/png) ──────────────────────────────────────────────────────────
    ..\test-results\e2e-Checkout-Place-Order-t-0cf62-er-before-Checkout-critical-webkit\test-failed-1.png
    ────────────────────────────────────────────────────────────────────────────────────────────────

    attachment #2: video (video/webm) ──────────────────────────────────────────────────────────────
    ..\test-results\e2e-Checkout-Place-Order-t-0cf62-er-before-Checkout-critical-webkit\video.webm
    ────────────────────────────────────────────────────────────────────────────────────────────────

    Error Context: ..\test-results\e2e-Checkout-Place-Order-t-0cf62-er-before-Checkout-critical-webkit\error-context.md

    attachment #4: trace (application/zip) ─────────────────────────────────────────────────────────
    ..\test-results\e2e-Checkout-Place-Order-t-0cf62-er-before-Checkout-critical-webkit\trace.zip
    Usage:

        npx playwright show-trace ..\test-results\e2e-Checkout-Place-Order-t-0cf62-er-before-Checkout-critical-webkit\trace.zip

    ────────────────────────────────────────────────────────────────────────────────────────────────
]]>
</failure>
<system-out>
<![CDATA[
[[ATTACHMENT|test-results\e2e-Checkout-Place-Order-t-0cf62-er-before-Checkout-critical-webkit\test-failed-1.png]]

[[ATTACHMENT|test-results\e2e-Checkout-Place-Order-t-0cf62-er-before-Checkout-critical-webkit\video.webm]]

[[ATTACHMENT|test-results\e2e-Checkout-Place-Order-t-0cf62-er-before-Checkout-critical-webkit\error-context.md]]

[[ATTACHMENT|test-results\e2e-Checkout-Place-Order-t-0cf62-er-before-Checkout-critical-webkit\trace.zip]]
]]>
</system-out>
</testcase>
<testcase name="Place Order tests › E2E-16: Place Order: Login before Checkout @critical" classname="e2e\Checkout.spec.ts" time="34.604">
<properties>
<property name="Test Data" value="Name: user852 | Email: qa_20260318T113600176Z_985@example.com | Password: Test1234">
</property>
</properties>
<failure message="Checkout.spec.ts:52:5 E2E-16: Place Order: Login before Checkout @critical" type="FAILURE">
<![CDATA[  [webkit] › e2e\Checkout.spec.ts:52:5 › Place Order tests › E2E-16: Place Order: Login before Checkout @critical 

    Test timeout of 30000ms exceeded.

    Error: expect.toBeVisible: Target page, context or browser has been closed

       at ..\pages\cartPage.ts:63

      61 |     for (const id of products) {
      62 |         const productRow = this.page.locator(`tr#product-${id}`);
    > 63 |         await expect(productRow).toBeVisible();
         |                                  ^
      64 |     }
      65 |   }
      66 |  }
        at CartPage.verifyProductInCart (C:\study\pw-e2e-automationexercise\pages\cartPage.ts:63:34)
        at C:\study\pw-e2e-automationexercise\tests\e2e\Checkout.spec.ts:67:20

    attachment #1: screenshot (image/png) ──────────────────────────────────────────────────────────
    ..\test-results\e2e-Checkout-Place-Order-t-db6dd-in-before-Checkout-critical-webkit\test-failed-1.png
    ────────────────────────────────────────────────────────────────────────────────────────────────

    attachment #2: video (video/webm) ──────────────────────────────────────────────────────────────
    ..\test-results\e2e-Checkout-Place-Order-t-db6dd-in-before-Checkout-critical-webkit\video.webm
    ────────────────────────────────────────────────────────────────────────────────────────────────

    Error Context: ..\test-results\e2e-Checkout-Place-Order-t-db6dd-in-before-Checkout-critical-webkit\error-context.md

    attachment #4: trace (application/zip) ─────────────────────────────────────────────────────────
    ..\test-results\e2e-Checkout-Place-Order-t-db6dd-in-before-Checkout-critical-webkit\trace.zip
    Usage:

        npx playwright show-trace ..\test-results\e2e-Checkout-Place-Order-t-db6dd-in-before-Checkout-critical-webkit\trace.zip

    ────────────────────────────────────────────────────────────────────────────────────────────────
]]>
</failure>
<system-out>
<![CDATA[
[[ATTACHMENT|test-results\e2e-Checkout-Place-Order-t-db6dd-in-before-Checkout-critical-webkit\test-failed-1.png]]

[[ATTACHMENT|test-results\e2e-Checkout-Place-Order-t-db6dd-in-before-Checkout-critical-webkit\video.webm]]

[[ATTACHMENT|test-results\e2e-Checkout-Place-Order-t-db6dd-in-before-Checkout-critical-webkit\error-context.md]]

[[ATTACHMENT|test-results\e2e-Checkout-Place-Order-t-db6dd-in-before-Checkout-critical-webkit\trace.zip]]
]]>
</system-out>
</testcase>
<testcase name="BUG-4: Payment field is blocked by overlay on large screens" classname="e2e\Checkout.spec.ts" time="9.749">
<system-out>
<![CDATA[
[[ATTACHMENT|test-results\e2e-Checkout-BUG-4-Payment-4a809-by-overlay-on-large-screens-webkit\test-finished-1.png]]

[[ATTACHMENT|test-results\e2e-Checkout-BUG-4-Payment-4a809-by-overlay-on-large-screens-webkit\video.webm]]

[[ATTACHMENT|test-results\e2e-Checkout-BUG-4-Payment-4a809-by-overlay-on-large-screens-webkit\trace.zip]]
]]>
</system-out>
</testcase>
</testsuite>
<testsuite name="monitoring\Account_create_concurrency.spec.ts" timestamp="2026-03-18T11:33:46.231Z" hostname="webkit" tests="1" failures="0" skipped="1" time="0" errors="0">
<testcase name="C-1 Concurrency Trap: Catching the 200 OK bug" classname="monitoring\Account_create_concurrency.spec.ts" time="0">
<properties>
<property name="skip" value="This bug is Chromium-specific">
</property>
</properties>
<skipped>
</skipped>
</testcase>
</testsuite>
<testsuite name="monitoring\monitoring.spec.ts" timestamp="2026-03-18T11:33:46.231Z" hostname="webkit" tests="1" failures="0" skipped="1" time="0" errors="0">
<testcase name="M-1 Network Performance Insight with Throttling" classname="monitoring\monitoring.spec.ts" time="0">
<properties>
<property name="skip" value="CDP metrics only work in Chromium">
</property>
</properties>
<skipped>
</skipped>
</testcase>
</testsuite>
</testsuites>