<testsuites id="" name="" tests="6" failures="0" skipped="0" errors="0" time="7.6713070000000005">
<testsuite name="api\auth\account_flow.api.spec.ts" timestamp="2026-04-03T11:48:42.093Z" hostname="api" tests="1" failures="0" skipped="0" time="2.1" errors="0">
<testcase name="API Account Management Flow › [API] Full account lifecycle: create -&gt; details -&gt; verify -&gt; invalid login -&gt; delete @smoke @critical" classname="api\auth\account_flow.api.spec.ts" time="2.1">
<properties>
<property name="Test Data" value="Email: qa_20260403T114844417Z_39@example.com | Password: Test1234">
</property>
</properties>
<system-out>
<![CDATA[Run context: [API] Full account lifecycle: create -> details -> verify -> invalid login -> delete @smoke @critical | User: qa_20260403T114844417Z_39@example.com

[[ATTACHMENT|test-results\api-auth-account_flow.api--d67a6-gin---delete-smoke-critical-api\trace.zip]]
]]>
</system-out>
</testcase>
</testsuite>
<testsuite name="api\auth\account_update.api.spec.ts" timestamp="2026-04-03T11:48:42.093Z" hostname="api" tests="2" failures="0" skipped="0" time="1.422" errors="0">
<testcase name="API Account Update › [API-9] PUT /updateAccount - Update user account details @medium" classname="api\auth\account_update.api.spec.ts" time="1.13">
<properties>
<property name="Test Data" value="Name: user7983 | Email: qa_20260403T114846671Z_783@example.com | Password: Test1234">
</property>
</properties>
<system-out>
<![CDATA[
[[ATTACHMENT|test-results\api-auth-account_update.ap-55670-user-account-details-medium-api\trace.zip]]
]]>
</system-out>
</testcase>
<testcase name="API Account Update › [API-10] PUT /updateAccount - Update fails for non-existing email @low" classname="api\auth\account_update.api.spec.ts" time="0.292">
<system-out>
<![CDATA[
[[ATTACHMENT|test-results\api-auth-account_update.ap-936c8--for-non-existing-email-low-api\trace.zip]]
]]>
</system-out>
</testcase>
</testsuite>
<testsuite name="api\catalog\catalog.api.spec.ts" timestamp="2026-04-03T11:48:42.093Z" hostname="api" tests="3" failures="0" skipped="0" time="0.919" errors="0">
<testcase name="API Catalog Endpoints › [API-4] GET /productsList - Get all products list @high" classname="api\catalog\catalog.api.spec.ts" time="0.311">
<system-out>
<![CDATA[
[[ATTACHMENT|test-results\api-catalog-catalog.api-AP-52c71--Get-all-products-list-high-api\trace.zip]]
]]>
</system-out>
</testcase>
<testcase name="API Catalog Endpoints › [API-5] POST /searchProduct - Search for a product @high" classname="api\catalog\catalog.api.spec.ts" time="0.339">
<properties>
<property name="Test Data" value="Search term: dress | Results: 9">
</property>
</properties>
<system-out>
<![CDATA[
[[ATTACHMENT|test-results\api-catalog-catalog.api-AP-6f3e7---Search-for-a-product-high-api\trace.zip]]
]]>
</system-out>
</testcase>
<testcase name="API Catalog Endpoints › [API-8] GET /brandsList - Get all brands list @medium" classname="api\catalog\catalog.api.spec.ts" time="0.269">
<system-out>
<![CDATA[
[[ATTACHMENT|test-results\api-catalog-catalog.api-AP-8b5c1--Get-all-brands-list-medium-api\trace.zip]]
]]>
</system-out>
</testcase>
</testsuite>
</testsuites>